Array
(
    [notificationCode] => BB27A2-7F8C798C79D1-EFF49BBFBB79-586772
    [notificationType] => transaction
)
https://ws.pagseguro.uol.com.br/v2/transactions/notifications/BB27A2-7F8C798C79D1-EFF49BBFBB79-586772?email=info@interacao.gani.org.br&token=D5EAAC83371A432A826DB7CA28348084UnauthorizedArray
(
    [notificationCode] => B9FBF6-61CF66CF6676-D9940F5FA07A-951C2A
    [notificationType] => preApproval
)
https://ws.pagseguro.uol.com.br/v2/pre-approvals/notifications/B9FBF6-61CF66CF6676-D9940F5FA07A-951C2A?email=info@interacao.gani.org.br&token=D5EAAC83371A432A826DB7CA28348084UnauthorizedArray
(
    [notificationCode] => B9FBF6-61CF66CF6676-D9940F5FA07A-951C2A
    [notificationType] => preApproval
)
https://ws.pagseguro.uol.com.br/v2/pre-approvals/notifications/B9FBF6-61CF66CF6676-D9940F5FA07A-951C2A?email=info@interacao.gani.org.br&token=D5EAAC83371A432A826DB7CA28348084UnauthorizedArray
(
    [notificationCode] => AA42EA-34B50DB50DD9-8FF4035FBCEE-E788A0
    [notificationType] => transaction
)
https://ws.pagseguro.uol.com.br/v2/transactions/notifications/AA42EA-34B50DB50DD9-8FF4035FBCEE-E788A0?email=info@interacao.gani.org.br&token=FADF9EAD1AA649109CCE7E9B01E0F687<?xml version="1.0" encoding="ISO-8859-1" standalone="yes"?><transaction><date>2015-01-22T21:45:49.000-02:00</date><code>24187FAB-DC95-444D-A712-D69AD20D5DD7</code><reference>assinatura-96g2w2g243d2t2q2r2t2x2u2w2r2c2l2c2m4e2f4p333w2n3t4</reference><type>11</type><status>3</status><lastEventDate>2015-01-22T21:45:52.000-02:00</lastEventDate><paymentMethod><type>1</type><code>101</code></paymentMethod><grossAmount>1.00</grossAmount><discountAmount>0.00</discountAmount><feeAmount>0.44</feeAmount><netAmount>0.56</netAmount><escrowEndDate>2015-02-21T21:45:52.000-02:00</escrowEndDate><installmentCount>1</installmentCount><itemCount>1</itemCount><items><item><id>001</id><description>Assinatura do plano: Plano Luz</description><quantity>1</quantity><amount>1.00</amount></item></items><sender><name>CRISTIANO P PRATES</name><email>c.prates@yahoo.com.br</email><phone><areaCode>41</areaCode><number>33620869</number></phone></sender><shipping><address><street>RUA PROFESSORA DOROTEA SPAK CHOMA</street><number>200</number><complement></complement><district>Tarumã</district><city>CURITIBA</city><state>PR</state><country>BRA</country><postalCode>82530370</postalCode></address><type>3</type><cost>0.00</cost></shipping></transaction>Array
(
    [notificationCode] => A978DC-158D928D9227-3334CF9F9A47-26978C
    [notificationType] => preApproval
)
https://ws.pagseguro.uol.com.br/v2/pre-approvals/notifications/A978DC-158D928D9227-3334CF9F9A47-26978C?email=info@interacao.gani.org.br&token=FADF9EAD1AA649109CCE7E9B01E0F687<?xml version="1.0" encoding="ISO-8859-1" standalone="yes"?><preApproval><name>Assinatura do plano: Plano Luz</name><code>794A595E6969FF544441DF8CE1F93F2D</code><date>2015-01-22T21:45:40.000-02:00</date><tracker>F3F24E</tracker><status>ACTIVE</status><reference>assinatura-96g2w2g243d2t2q2r2t2x2u2w2r2c2l2c2m4e2f4p333w2n3t4</reference><lastEventDate>2015-01-22T21:45:52.000-02:00</lastEventDate><charge>AUTO</charge><sender><name>CRISTIANO P PRATES</name><email>c.prates@yahoo.com.br</email><phone><areaCode>41</areaCode><number>33620869</number></phone><address><street>RUA PROFESSORA DOROTEA SPAK CHOMA</street><number>200</number><complement></complement><district>Tarumã</district><city>CURITIBA</city><state>PR</state><country>BRA</country><postalCode>82530370</postalCode></address></sender></preApproval>Array
(
    [notificationCode] => 517637-59B9A0B9A068-8774E25F8AB2-83B434
    [notificationType] => transaction
)
https://ws.pagseguro.uol.com.br/v2/transactions/notifications/517637-59B9A0B9A068-8774E25F8AB2-83B434?email=info@interacao.gani.org.br&token=FADF9EAD1AA649109CCE7E9B01E0F687<?xml version="1.0" encoding="ISO-8859-1" standalone="yes"?><transaction><date>2015-01-22T19:55:05.000-02:00</date><code>BC74632F-6B78-46E2-9153-F850D22EE5C5</code><reference>assinatura-96g2w2g243d2s2q2r213p2u2w2r2c2l2c2m4e2f4p333w2n3t4</reference><type>11</type><status>3</status><lastEventDate>2015-01-22T19:55:10.000-02:00</lastEventDate><paymentMethod><type>1</type><code>101</code></paymentMethod><grossAmount>1.00</grossAmount><discountAmount>0.00</discountAmount><feeAmount>0.44</feeAmount><netAmount>0.56</netAmount><escrowEndDate>2015-02-21T19:55:10.000-02:00</escrowEndDate><installmentCount>1</installmentCount><itemCount>1</itemCount><items><item><id>001</id><description>Assinatura do plano: Plano Férias</description><quantity>1</quantity><amount>1.00</amount></item></items><sender><name>CRISTIANO P PRATES</name><email>c.prates@yahoo.com.br</email><phone><areaCode>41</areaCode><number>33620869</number></phone></sender><shipping><address><street>RUA PROFESSORA DOROTEA SPAK CHOMA</street><number>200</number><complement></complement><district>Tarumã</district><city>CURITIBA</city><state>PR</state><country>BRA</country><postalCode>82530370</postalCode></address><type>3</type><cost>0.00</cost></shipping></transaction>Array
(
    [notificationCode] => 5978D5-F6F981F981E3-4004909FAB9C-86851A
    [notificationType] => transaction
)
https://ws.pagseguro.uol.com.br/v2/transactions/notifications/5978D5-F6F981F981E3-4004909FAB9C-86851A?email=info@interacao.gani.org.br&token=FADF9EAD1AA649109CCE7E9B01E0F687<?xml version="1.0" encoding="ISO-8859-1" standalone="yes"?><transaction><date>2015-01-22T20:34:26.000-02:00</date><code>9EE22989-C7D4-4E3B-BE03-3294F55180CD</code><reference>assinatura-96g2w2g243d2t2q2r2t2x2u2w2r2c2l2c2m4e2f4p333w2n3t4</reference><type>11</type><status>3</status><lastEventDate>2015-01-22T20:34:32.000-02:00</lastEventDate><paymentMethod><type>1</type><code>101</code></paymentMethod><grossAmount>1.00</grossAmount><discountAmount>0.00</discountAmount><feeAmount>0.44</feeAmount><netAmount>0.56</netAmount><escrowEndDate>2015-02-21T20:34:31.000-02:00</escrowEndDate><installmentCount>1</installmentCount><itemCount>1</itemCount><items><item><id>001</id><description>Assinatura do plano: Plano Luz</description><quantity>1</quantity><amount>1.00</amount></item></items><sender><name>CRISTIANO P PRATES</name><email>c.prates@yahoo.com.br</email><phone><areaCode>41</areaCode><number>33620869</number></phone></sender><shipping><address><street>RUA PROFESSORA DOROTEA SPAK CHOMA</street><number>200</number><complement></complement><district>Tarumã</district><city>CURITIBA</city><state>PR</state><country>BRA</country><postalCode>82530370</postalCode></address><type>3</type><cost>0.00</cost></shipping></transaction>Array
(
    [notificationCode] => D11610-C052E052E0CE-5334A9FF9FFC-7FF7CE
    [notificationType] => transaction
)
https://ws.pagseguro.uol.com.br/v2/transactions/notifications/D11610-C052E052E0CE-5334A9FF9FFC-7FF7CE?email=info@interacao.gani.org.br&token=FADF9EAD1AA649109CCE7E9B01E0F687<?xml version="1.0" encoding="ISO-8859-1" standalone="yes"?><transaction><date>2015-01-22T20:49:10.000-02:00</date><code>CC7C246B-3392-4AFB-BCFE-2432430AAB19</code><reference>assinatura-96g2w2g243d2u2q2v2x2n2w2w2d2m2b2n4b223r3b423b266</reference><type>11</type><status>3</status><lastEventDate>2015-01-22T20:49:14.000-02:00</lastEventDate><paymentMethod><type>1</type><code>102</code></paymentMethod><grossAmount>1.00</grossAmount><discountAmount>0.00</discountAmount><feeAmount>0.44</feeAmount><netAmount>0.56</netAmount><escrowEndDate>2015-02-21T20:49:14.000-02:00</escrowEndDate><installmentCount>1</installmentCount><itemCount>1</itemCount><items><item><id>001</id><description>Assinatura do plano: Plano Arte</description><quantity>1</quantity><amount>1.00</amount></item></items><sender><name>CRISTIANO P PRATES</name><email>c.prates@yahoo.com.br</email><phone><areaCode>41</areaCode><number>33620869</number></phone></sender><shipping><address><street>RUA PROFESSORA DOROTEA SPAK CHOMA</street><number>200</number><complement></complement><district>Tarumã</district><city>CURITIBA</city><state>PR</state><country>BRA</country><postalCode>82530370</postalCode></address><type>3</type><cost>0.00</cost></shipping></transaction>Array
(
    [notificationCode] => 2C1E58-6B068206828C-688484AF8DD3-63733F
    [notificationType] => transaction
)
https://ws.pagseguro.uol.com.br/v2/transactions/notifications/2C1E58-6B068206828C-688484AF8DD3-63733F?email=info@interacao.gani.org.br&token=FADF9EAD1AA649109CCE7E9B01E0F687<?xml version="1.0" encoding="ISO-8859-1" standalone="yes"?><transaction><date>2015-01-22T21:01:34.000-02:00</date><code>592E04B9-4504-4E8B-98E2-593D904FF819</code><reference>assinatura-96g2w2g243d2u2q2v2x2n2w2w2d2m2b2n4b223r3b423b266</reference><type>11</type><status>3</status><lastEventDate>2015-01-22T21:01:38.000-02:00</lastEventDate><paymentMethod><type>1</type><code>102</code></paymentMethod><grossAmount>1.00</grossAmount><discountAmount>0.00</discountAmount><feeAmount>0.44</feeAmount><netAmount>0.56</netAmount><escrowEndDate>2015-02-21T21:01:38.000-02:00</escrowEndDate><installmentCount>1</installmentCount><itemCount>1</itemCount><items><item><id>001</id><description>Assinatura do plano: Plano Arte</description><quantity>1</quantity><amount>1.00</amount></item></items><sender><name>CRISTIANO P PRATES</name><email>c.prates@yahoo.com.br</email><phone><areaCode>41</areaCode><number>33620869</number></phone></sender><shipping><address><street>RUA PROFESSORA DOROTEA SPAK CHOMA</street><number>200</number><complement></complement><district>Tarumã</district><city>CURITIBA</city><state>PR</state><country>BRA</country><postalCode>82530370</postalCode></address><type>3</type><cost>0.00</cost></shipping></transaction>